1734513379.539299 client started (236962): version 3.5a, socket /tmp/tmux-1000/default, protocol 8
1734513379.539363 on Linux 6.12.4-arch1-1 #1 SMP PREEMPT_DYNAMIC Mon, 09 Dec 2024 14:31:57 +0000
1734513379.539374 using libevent 2.1.12-stable poll
1734513379.539382 using ncurses 6.5 20240427
1734513379.539433 flags are 0x10010000
1734513379.539468 socket is /tmp/tmux-1000/default
1734513379.539498 trying connect
1734513379.539651 add peer 0x55d136946a10: 6 ((nil))
1734513379.540478 sending message 111 to peer 0x55d136946a10 (8 bytes)
1734513379.540510 sending message 111 to peer 0x55d136946a10 (8 bytes)
1734513379.540521 sending message 101 to peer 0x55d136946a10 (15 bytes)
1734513379.540530 sending message 109 to peer 0x55d136946a10 (4 bytes)
1734513379.540540 sending message 102 to peer 0x55d136946a10 (11 bytes)
1734513379.540549 sending message 108 to peer 0x55d136946a10 (21 bytes)
1734513379.540558 sending message 112 to peer 0x55d136946a10 (58 bytes)
1734513379.540568 sending message 112 to peer 0x55d136946a10 (5 bytes)
1734513379.540577 sending message 112 to peer 0x55d136946a10 (5 bytes)
1734513379.540586 sending message 112 to peer 0x55d136946a10 (6 bytes)
1734513379.540595 sending message 112 to peer 0x55d136946a10 (6 bytes)
1734513379.540604 sending message 112 to peer 0x55d136946a10 (11 bytes)
1734513379.540613 sending message 112 to peer 0x55d136946a10 (10 bytes)
1734513379.540622 sending message 112 to peer 0x55d136946a10 (13 bytes)
1734513379.540631 sending message 112 to peer 0x55d136946a10 (14 bytes)
1734513379.540639 sending message 112 to peer 0x55d136946a10 (19 bytes)
1734513379.540648 sending message 112 to peer 0x55d136946a10 (11 bytes)
1734513379.540657 sending message 112 to peer 0x55d136946a10 (10 bytes)
1734513379.540666 sending message 112 to peer 0x55d136946a10 (15 bytes)
1734513379.540675 sending message 112 to peer 0x55d136946a10 (21 bytes)
1734513379.540683 sending message 112 to peer 0x55d136946a10 (13 bytes)
1734513379.540692 sending message 112 to peer 0x55d136946a10 (7 bytes)
1734513379.540701 sending message 112 to peer 0x55d136946a10 (13 bytes)
1734513379.540710 sending message 112 to peer 0x55d136946a10 (7 bytes)
1734513379.540719 sending message 112 to peer 0x55d136946a10 (13 bytes)
1734513379.540728 sending message 112 to peer 0x55d136946a10 (9 bytes)
1734513379.540737 sending message 112 to peer 0x55d136946a10 (21 bytes)
1734513379.540746 sending message 112 to peer 0x55d136946a10 (13 bytes)
1734513379.540755 sending message 112 to peer 0x55d136946a10 (9 bytes)
1734513379.540764 sending message 112 to peer 0x55d136946a10 (16 bytes)
1734513379.540772 sending message 112 to peer 0x55d136946a10 (13 bytes)
1734513379.540781 sending message 112 to peer 0x55d136946a10 (9 bytes)
1734513379.540790 sending message 112 to peer 0x55d136946a10 (9 bytes)
1734513379.540799 sending message 112 to peer 0x55d136946a10 (12 bytes)
1734513379.540808 sending message 112 to peer 0x55d136946a10 (8 bytes)
1734513379.540816 sending message 112 to peer 0x55d136946a10 (8 bytes)
1734513379.540825 sending message 112 to peer 0x55d136946a10 (13 bytes)
1734513379.540834 sending message 112 to peer 0x55d136946a10 (7 bytes)
1734513379.540843 sending message 112 to peer 0x55d136946a10 (7 bytes)
1734513379.540852 sending message 112 to peer 0x55d136946a10 (9 bytes)
1734513379.540861 sending message 112 to peer 0x55d136946a10 (9 bytes)
1734513379.540869 sending message 112 to peer 0x55d136946a10 (15 bytes)
1734513379.540878 sending message 112 to peer 0x55d136946a10 (13 bytes)
1734513379.540887 sending message 112 to peer 0x55d136946a10 (12 bytes)
1734513379.540896 sending message 112 to peer 0x55d136946a10 (8 bytes)
1734513379.540905 sending message 112 to peer 0x55d136946a10 (14 bytes)
1734513379.540914 sending message 112 to peer 0x55d136946a10 (11 bytes)
1734513379.540922 sending message 112 to peer 0x55d136946a10 (9 bytes)
1734513379.540931 sending message 112 to peer 0x55d136946a10 (10 bytes)
1734513379.540940 sending message 112 to peer 0x55d136946a10 (10 bytes)
1734513379.540949 sending message 112 to peer 0x55d136946a10 (10 bytes)
1734513379.540979 sending message 112 to peer 0x55d136946a10 (10 bytes)
1734513379.540988 sending message 112 to peer 0x55d136946a10 (11 bytes)
1734513379.540998 sending message 112 to peer 0x55d136946a10 (12 bytes)
1734513379.541006 sending message 112 to peer 0x55d136946a10 (12 bytes)
1734513379.541015 sending message 112 to peer 0x55d136946a10 (12 bytes)
1734513379.541024 sending message 112 to peer 0x55d136946a10 (12 bytes)
1734513379.541033 sending message 112 to peer 0x55d136946a10 (12 bytes)
1734513379.541042 sending message 112 to peer 0x55d136946a10 (11 bytes)
1734513379.541051 sending message 112 to peer 0x55d136946a10 (11 bytes)
1734513379.541060 sending message 112 to peer 0x55d136946a10 (12 bytes)
1734513379.541068 sending message 112 to peer 0x55d136946a10 (12 bytes)
1734513379.541077 sending message 112 to peer 0x55d136946a10 (12 bytes)
1734513379.541086 sending message 112 to peer 0x55d136946a10 (12 bytes)
1734513379.541095 sending message 112 to peer 0x55d136946a10 (12 bytes)
1734513379.541104 sending message 112 to peer 0x55d136946a10 (9 bytes)
1734513379.541113 sending message 112 to peer 0x55d136946a10 (12 bytes)
1734513379.541122 sending message 112 to peer 0x55d136946a10 (13 bytes)
1734513379.541131 sending message 112 to peer 0x55d136946a10 (13 bytes)
1734513379.541140 sending message 112 to peer 0x55d136946a10 (13 bytes)
1734513379.541148 sending message 112 to peer 0x55d136946a10 (13 bytes)
1734513379.541157 sending message 112 to peer 0x55d136946a10 (13 bytes)
1734513379.541166 sending message 112 to peer 0x55d136946a10 (8 bytes)
1734513379.541175 sending message 112 to peer 0x55d136946a10 (11 bytes)
1734513379.541184 sending message 112 to peer 0x55d136946a10 (11 bytes)
1734513379.541193 sending message 112 to peer 0x55d136946a10 (11 bytes)
1734513379.541201 sending message 112 to peer 0x55d136946a10 (12 bytes)
1734513379.541210 sending message 112 to peer 0x55d136946a10 (12 bytes)
1734513379.541219 sending message 112 to peer 0x55d136946a10 (12 bytes)
1734513379.541228 sending message 112 to peer 0x55d136946a10 (12 bytes)
1734513379.541237 sending message 112 to peer 0x55d136946a10 (13 bytes)
1734513379.541246 sending message 112 to peer 0x55d136946a10 (13 bytes)
1734513379.541255 sending message 112 to peer 0x55d136946a10 (13 bytes)
1734513379.541264 sending message 112 to peer 0x55d136946a10 (8 bytes)
1734513379.541273 sending message 112 to peer 0x55d136946a10 (13 bytes)
1734513379.541282 sending message 112 to peer 0x55d136946a10 (13 bytes)
1734513379.541291 sending message 112 to peer 0x55d136946a10 (13 bytes)
1734513379.541300 sending message 112 to peer 0x55d136946a10 (13 bytes)
1734513379.541309 sending message 112 to peer 0x55d136946a10 (13 bytes)
1734513379.541318 sending message 112 to peer 0x55d136946a10 (12 bytes)
1734513379.541326 sending message 112 to peer 0x55d136946a10 (12 bytes)
1734513379.541335 sending message 112 to peer 0x55d136946a10 (12 bytes)
1734513379.541344 sending message 112 to peer 0x55d136946a10 (12 bytes)
1734513379.541353 sending message 112 to peer 0x55d136946a10 (13 bytes)
1734513379.541362 sending message 112 to peer 0x55d136946a10 (8 bytes)
1734513379.541371 sending message 112 to peer 0x55d136946a10 (13 bytes)
1734513379.541380 sending message 112 to peer 0x55d136946a10 (13 bytes)
1734513379.541389 sending message 112 to peer 0x55d136946a10 (13 bytes)
1734513379.541398 sending message 112 to peer 0x55d136946a10 (13 bytes)
1734513379.541407 sending message 112 to peer 0x55d136946a10 (13 bytes)
1734513379.541416 sending message 112 to peer 0x55d136946a10 (13 bytes)
1734513379.541424 sending message 112 to peer 0x55d136946a10 (13 bytes)
1734513379.541433 sending message 112 to peer 0x55d136946a10 (12 bytes)
1734513379.541442 sending message 112 to peer 0x55d136946a10 (12 bytes)
1734513379.541451 sending message 112 to peer 0x55d136946a10 (12 bytes)
1734513379.541460 sending message 112 to peer 0x55d136946a10 (8 bytes)
1734513379.541469 sending message 112 to peer 0x55d136946a10 (12 bytes)
1734513379.541478 sending message 112 to peer 0x55d136946a10 (13 bytes)
1734513379.541501 sending message 112 to peer 0x55d136946a10 (13 bytes)
1734513379.541510 sending message 112 to peer 0x55d136946a10 (13 bytes)
1734513379.541519 sending message 112 to peer 0x55d136946a10 (13 bytes)
1734513379.541528 sending message 112 to peer 0x55d136946a10 (13 bytes)
1734513379.541537 sending message 112 to peer 0x55d136946a10 (13 bytes)
1734513379.541546 sending message 112 to peer 0x55d136946a10 (13 bytes)
1734513379.541555 sending message 112 to peer 0x55d136946a10 (13 bytes)
1734513379.541564 sending message 112 to peer 0x55d136946a10 (12 bytes)
1734513379.541573 sending message 112 to peer 0x55d136946a10 (10 bytes)
1734513379.541581 sending message 112 to peer 0x55d136946a10 (12 bytes)
1734513379.541590 sending message 112 to peer 0x55d136946a10 (12 bytes)
1734513379.541598 sending message 112 to peer 0x55d136946a10 (12 bytes)
1734513379.541606 sending message 112 to peer 0x55d136946a10 (13 bytes)
1734513379.541615 sending message 112 to peer 0x55d136946a10 (13 bytes)
1734513379.541623 sending message 112 to peer 0x55d136946a10 (13 bytes)
1734513379.541631 sending message 112 to peer 0x55d136946a10 (13 bytes)
1734513379.541640 sending message 112 to peer 0x55d136946a10 (13 bytes)
1734513379.541648 sending message 112 to peer 0x55d136946a10 (13 bytes)
1734513379.541656 sending message 112 to peer 0x55d136946a10 (13 bytes)
1734513379.541665 sending message 112 to peer 0x55d136946a10 (10 bytes)
1734513379.541673 sending message 112 to peer 0x55d136946a10 (13 bytes)
1734513379.541681 sending message 112 to peer 0x55d136946a10 (12 bytes)
1734513379.541690 sending message 112 to peer 0x55d136946a10 (12 bytes)
1734513379.541698 sending message 112 to peer 0x55d136946a10 (12 bytes)
1734513379.541706 sending message 112 to peer 0x55d136946a10 (10 bytes)
1734513379.541715 sending message 112 to peer 0x55d136946a10 (10 bytes)
1734513379.541723 sending message 112 to peer 0x55d136946a10 (10 bytes)
1734513379.541731 sending message 112 to peer 0x55d136946a10 (12 bytes)
1734513379.541740 sending message 112 to peer 0x55d136946a10 (13 bytes)
1734513379.541748 sending message 112 to peer 0x55d136946a10 (13 bytes)
1734513379.541756 sending message 112 to peer 0x55d136946a10 (13 bytes)
1734513379.541765 sending message 112 to peer 0x55d136946a10 (13 bytes)
1734513379.541773 sending message 112 to peer 0x55d136946a10 (13 bytes)
1734513379.541782 sending message 112 to peer 0x55d136946a10 (10 bytes)
1734513379.541790 sending message 112 to peer 0x55d136946a10 (11 bytes)
1734513379.541798 sending message 112 to peer 0x55d136946a10 (12 bytes)
1734513379.541807 sending message 112 to peer 0x55d136946a10 (12 bytes)
1734513379.541815 sending message 112 to peer 0x55d136946a10 (12 bytes)
1734513379.541824 sending message 112 to peer 0x55d136946a10 (12 bytes)
1734513379.541832 sending message 112 to peer 0x55d136946a10 (12 bytes)
1734513379.541840 sending message 112 to peer 0x55d136946a10 (11 bytes)
1734513379.541849 sending message 112 to peer 0x55d136946a10 (12 bytes)
1734513379.541857 sending message 112 to peer 0x55d136946a10 (12 bytes)
1734513379.541865 sending message 112 to peer 0x55d136946a10 (13 bytes)
1734513379.541874 sending message 112 to peer 0x55d136946a10 (13 bytes)
1734513379.541882 sending message 112 to peer 0x55d136946a10 (13 bytes)
1734513379.541891 sending message 112 to peer 0x55d136946a10 (13 bytes)
1734513379.541899 sending message 112 to peer 0x55d136946a10 (13 bytes)
1734513379.541907 sending message 112 to peer 0x55d136946a10 (10 bytes)
1734513379.541916 sending message 112 to peer 0x55d136946a10 (9 bytes)
1734513379.541924 sending message 112 to peer 0x55d136946a10 (12 bytes)
1734513379.541933 sending message 112 to peer 0x55d136946a10 (13 bytes)
1734513379.541941 sending message 112 to peer 0x55d136946a10 (13 bytes)
1734513379.541949 sending message 112 to peer 0x55d136946a10 (13 bytes)
1734513379.541957 sending message 112 to peer 0x55d136946a10 (13 bytes)
1734513379.541966 sending message 112 to peer 0x55d136946a10 (13 bytes)
1734513379.541974 sending message 112 to peer 0x55d136946a10 (9 bytes)
1734513379.541995 sending message 112 to peer 0x55d136946a10 (12 bytes)
1734513379.542004 sending message 112 to peer 0x55d136946a10 (13 bytes)
1734513379.542012 sending message 112 to peer 0x55d136946a10 (13 bytes)
1734513379.542020 sending message 112 to peer 0x55d136946a10 (13 bytes)
1734513379.542029 sending message 112 to peer 0x55d136946a10 (13 bytes)
1734513379.542037 sending message 112 to peer 0x55d136946a10 (13 bytes)
1734513379.542045 sending message 112 to peer 0x55d136946a10 (11 bytes)
1734513379.542054 sending message 112 to peer 0x55d136946a10 (12 bytes)
1734513379.542062 sending message 112 to peer 0x55d136946a10 (13 bytes)
1734513379.542070 sending message 112 to peer 0x55d136946a10 (13 bytes)
1734513379.542079 sending message 112 to peer 0x55d136946a10 (13 bytes)
1734513379.542087 sending message 112 to peer 0x55d136946a10 (13 bytes)
1734513379.542096 sending message 112 to peer 0x55d136946a10 (13 bytes)
1734513379.542104 sending message 112 to peer 0x55d136946a10 (11 bytes)
1734513379.542113 sending message 112 to peer 0x55d136946a10 (12 bytes)
1734513379.542121 sending message 112 to peer 0x55d136946a10 (12 bytes)
1734513379.542130 sending message 112 to peer 0x55d136946a10 (12 bytes)
1734513379.542138 sending message 112 to peer 0x55d136946a10 (12 bytes)
1734513379.542147 sending message 112 to peer 0x55d136946a10 (12 bytes)
1734513379.542155 sending message 112 to peer 0x55d136946a10 (21 bytes)
1734513379.542164 sending message 112 to peer 0x55d136946a10 (12 bytes)
1734513379.542172 sending message 112 to peer 0x55d136946a10 (9 bytes)
1734513379.542180 sending message 112 to peer 0x55d136946a10 (6 bytes)
1734513379.542189 sending message 112 to peer 0x55d136946a10 (13 bytes)
1734513379.542198 sending message 112 to peer 0x55d136946a10 (10 bytes)
1734513379.542206 sending message 112 to peer 0x55d136946a10 (24 bytes)
1734513379.542215 sending message 112 to peer 0x55d136946a10 (13 bytes)
1734513379.542223 sending message 112 to peer 0x55d136946a10 (9 bytes)
1734513379.542231 sending message 112 to peer 0x55d136946a10 (70 bytes)
1734513379.542240 sending message 112 to peer 0x55d136946a10 (69 bytes)
1734513379.542249 sending message 112 to peer 0x55d136946a10 (12 bytes)
1734513379.542258 sending message 112 to peer 0x55d136946a10 (10 bytes)
1734513379.542266 sending message 112 to peer 0x55d136946a10 (10 bytes)
1734513379.542275 sending message 112 to peer 0x55d136946a10 (24 bytes)
1734513379.542284 sending message 112 to peer 0x55d136946a10 (13 bytes)
1734513379.542292 sending message 112 to peer 0x55d136946a10 (10 bytes)
1734513379.542300 sending message 112 to peer 0x55d136946a10 (10 bytes)
1734513379.542309 sending message 112 to peer 0x55d136946a10 (10 bytes)
1734513379.542317 sending message 112 to peer 0x55d136946a10 (13 bytes)
1734513379.542326 sending message 112 to peer 0x55d136946a10 (15 bytes)
1734513379.542334 sending message 112 to peer 0x55d136946a10 (5 bytes)
1734513379.542344 sending message 104 to peer 0x55d136946a10 (0 bytes)
1734513379.542353 sending message 110 to peer 0x55d136946a10 (0 bytes)
1734513379.542362 sending message 107 to peer 0x55d136946a10 (4 bytes)
1734513379.542371 sending message 105 to peer 0x55d136946a10 (30 bytes)
1734513379.542380 sending message 105 to peer 0x55d136946a10 (58 bytes)
1734513379.542390 sending message 105 to peer 0x55d136946a10 (61 bytes)
1734513379.542399 sending message 105 to peer 0x55d136946a10 (52 bytes)
1734513379.542408 sending message 105 to peer 0x55d136946a10 (17 bytes)
1734513379.542416 sending message 105 to peer 0x55d136946a10 (38 bytes)
1734513379.542425 sending message 105 to peer 0x55d136946a10 (39 bytes)
1734513379.542433 sending message 105 to peer 0x55d136946a10 (36 bytes)
1734513379.542442 sending message 105 to peer 0x55d136946a10 (20 bytes)
1734513379.542450 sending message 105 to peer 0x55d136946a10 (54 bytes)
1734513379.542459 sending message 105 to peer 0x55d136946a10 (50 bytes)
1734513379.542467 sending message 105 to peer 0x55d136946a10 (22 bytes)
1734513379.542476 sending message 105 to peer 0x55d136946a10 (19 bytes)
1734513379.542497 sending message 105 to peer 0x55d136946a10 (11 bytes)
1734513379.542506 sending message 105 to peer 0x55d136946a10 (41 bytes)
1734513379.542514 sending message 105 to peer 0x55d136946a10 (12 bytes)
1734513379.542522 sending message 105 to peer 0x55d136946a10 (29 bytes)
1734513379.542531 sending message 105 to peer 0x55d136946a10 (27 bytes)
1734513379.542539 sending message 105 to peer 0x55d136946a10 (24 bytes)
1734513379.542548 sending message 105 to peer 0x55d136946a10 (17 bytes)
1734513379.542556 sending message 105 to peer 0x55d136946a10 (27 bytes)
1734513379.542565 sending message 105 to peer 0x55d136946a10 (22 bytes)
1734513379.542573 sending message 105 to peer 0x55d136946a10 (109 bytes)
1734513379.542583 sending message 105 to peer 0x55d136946a10 (16 bytes)
1734513379.542591 sending message 105 to peer 0x55d136946a10 (50 bytes)
1734513379.542600 sending message 105 to peer 0x55d136946a10 (17 bytes)
1734513379.542608 sending message 105 to peer 0x55d136946a10 (21 bytes)
1734513379.542617 sending message 105 to peer 0x55d136946a10 (34 bytes)
1734513379.542625 sending message 105 to peer 0x55d136946a10 (15 bytes)
1734513379.542634 sending message 105 to peer 0x55d136946a10 (39 bytes)
1734513379.542642 sending message 105 to peer 0x55d136946a10 (43 bytes)
1734513379.542651 sending message 105 to peer 0x55d136946a10 (40 bytes)
1734513379.542659 sending message 105 to peer 0x55d136946a10 (36 bytes)
1734513379.542668 sending message 105 to peer 0x55d136946a10 (32 bytes)
1734513379.542676 sending message 105 to peer 0x55d136946a10 (36 bytes)
1734513379.542685 sending message 105 to peer 0x55d136946a10 (19 bytes)
1734513379.542693 sending message 105 to peer 0x55d136946a10 (48 bytes)
1734513379.542702 sending message 105 to peer 0x55d136946a10 (30 bytes)
1734513379.542711 sending message 105 to peer 0x55d136946a10 (20 bytes)
1734513379.542720 sending message 105 to peer 0x55d136946a10 (32 bytes)
1734513379.542728 sending message 105 to peer 0x55d136946a10 (47 bytes)
1734513379.542737 sending message 105 to peer 0x55d136946a10 (48 bytes)
1734513379.542745 sending message 105 to peer 0x55d136946a10 (17 bytes)
1734513379.542754 sending message 105 to peer 0x55d136946a10 (36 bytes)
1734513379.542762 sending message 105 to peer 0x55d136946a10 (58 bytes)
1734513379.542771 sending message 105 to peer 0x55d136946a10 (38 bytes)
1734513379.542780 sending message 105 to peer 0x55d136946a10 (17 bytes)
1734513379.542789 sending message 105 to peer 0x55d136946a10 (60 bytes)
1734513379.542797 sending message 105 to peer 0x55d136946a10 (18 bytes)
1734513379.542806 sending message 105 to peer 0x55d136946a10 (40 bytes)
1734513379.542814 sending message 105 to peer 0x55d136946a10 (17 bytes)
1734513379.542823 sending message 105 to peer 0x55d136946a10 (23 bytes)
1734513379.542831 sending message 105 to peer 0x55d136946a10 (30 bytes)
1734513379.542840 sending message 105 to peer 0x55d136946a10 (27 bytes)
1734513379.542848 sending message 105 to peer 0x55d136946a10 (24 bytes)
1734513379.542857 sending message 105 to peer 0x55d136946a10 (20 bytes)
1734513379.542865 sending message 105 to peer 0x55d136946a10 (23 bytes)
1734513379.542873 sending message 105 to peer 0x55d136946a10 (21 bytes)
1734513379.542882 sending message 105 to peer 0x55d136946a10 (25 bytes)
1734513379.542891 sending message 105 to peer 0x55d136946a10 (20 bytes)
1734513379.542899 sending message 105 to peer 0x55d136946a10 (14 bytes)
1734513379.542908 sending message 105 to peer 0x55d136946a10 (33 bytes)
1734513379.542917 sending message 105 to peer 0x55d136946a10 (27 bytes)
1734513379.542925 sending message 105 to peer 0x55d136946a10 (15 bytes)
1734513379.542933 sending message 105 to peer 0x55d136946a10 (52 bytes)
1734513379.542942 sending message 105 to peer 0x55d136946a10 (34 bytes)
1734513379.542950 sending message 105 to peer 0x55d136946a10 (28 bytes)
1734513379.542959 sending message 105 to peer 0x55d136946a10 (49 bytes)
1734513379.542967 sending message 105 to peer 0x55d136946a10 (1764 bytes)
1734513379.543007 sending message 105 to peer 0x55d136946a10 (16 bytes)
1734513379.543042 sending message 105 to peer 0x55d136946a10 (37 bytes)
1734513379.543052 sending message 105 to peer 0x55d136946a10 (25 bytes)
1734513379.543062 sending message 105 to peer 0x55d136946a10 (42 bytes)
1734513379.543072 sending message 105 to peer 0x55d136946a10 (19 bytes)
1734513379.543081 sending message 105 to peer 0x55d136946a10 (41 bytes)
1734513379.543090 sending message 105 to peer 0x55d136946a10 (20 bytes)
1734513379.543100 sending message 105 to peer 0x55d136946a10 (15 bytes)
1734513379.543109 sending message 105 to peer 0x55d136946a10 (8 bytes)
1734513379.543119 sending message 105 to peer 0x55d136946a10 (59 bytes)
1734513379.543128 sending message 105 to peer 0x55d136946a10 (20 bytes)
1734513379.543136 sending message 105 to peer 0x55d136946a10 (15 bytes)
1734513379.543145 sending message 105 to peer 0x55d136946a10 (33 bytes)
1734513379.543153 sending message 105 to peer 0x55d136946a10 (18 bytes)
1734513379.543162 sending message 105 to peer 0x55d136946a10 (26 bytes)
1734513379.543170 sending message 105 to peer 0x55d136946a10 (37 bytes)
1734513379.543179 sending message 105 to peer 0x55d136946a10 (13 bytes)
1734513379.543187 sending message 105 to peer 0x55d136946a10 (55 bytes)
1734513379.543196 sending message 105 to peer 0x55d136946a10 (11 bytes)
1734513379.543204 sending message 105 to peer 0x55d136946a10 (15 bytes)
1734513379.543212 sending message 105 to peer 0x55d136946a10 (27 bytes)
1734513379.543221 sending message 105 to peer 0x55d136946a10 (31 bytes)
1734513379.543229 sending message 105 to peer 0x55d136946a10 (43 bytes)
1734513379.543238 sending message 105 to peer 0x55d136946a10 (37 bytes)
1734513379.543246 sending message 105 to peer 0x55d136946a10 (43 bytes)
1734513379.543255 sending message 105 to peer 0x55d136946a10 (18 bytes)
1734513379.543263 sending message 105 to peer 0x55d136946a10 (13 bytes)
1734513379.543272 sending message 105 to peer 0x55d136946a10 (57 bytes)
1734513379.543281 sending message 105 to peer 0x55d136946a10 (37 bytes)
1734513379.543290 sending message 105 to peer 0x55d136946a10 (36 bytes)
1734513379.543298 sending message 105 to peer 0x55d136946a10 (39 bytes)
1734513379.543306 sending message 105 to peer 0x55d136946a10 (36 bytes)
1734513379.543315 sending message 105 to peer 0x55d136946a10 (51 bytes)
1734513379.543323 sending message 105 to peer 0x55d136946a10 (40 bytes)
1734513379.543332 sending message 105 to peer 0x55d136946a10 (43 bytes)
1734513379.543340 sending message 105 to peer 0x55d136946a10 (49 bytes)
1734513379.543348 sending message 105 to peer 0x55d136946a10 (50 bytes)
1734513379.543357 sending message 105 to peer 0x55d136946a10 (31 bytes)
1734513379.543365 sending message 105 to peer 0x55d136946a10 (15 bytes)
1734513379.543374 sending message 105 to peer 0x55d136946a10 (23 bytes)
1734513379.543382 sending message 105 to peer 0x55d136946a10 (26 bytes)
1734513379.543390 sending message 105 to peer 0x55d136946a10 (17 bytes)
1734513379.543399 sending message 105 to peer 0x55d136946a10 (21 bytes)
1734513379.543407 sending message 105 to peer 0x55d136946a10 (40 bytes)
1734513379.543416 sending message 105 to peer 0x55d136946a10 (51 bytes)
1734513379.543424 sending message 105 to peer 0x55d136946a10 (45 bytes)
1734513379.543432 sending message 105 to peer 0x55d136946a10 (11 bytes)
1734513379.543441 sending message 105 to peer 0x55d136946a10 (40 bytes)
1734513379.543449 sending message 105 to peer 0x55d136946a10 (21 bytes)
1734513379.543458 sending message 105 to peer 0x55d136946a10 (44 bytes)
1734513379.543466 sending message 105 to peer 0x55d136946a10 (42 bytes)
1734513379.543474 sending message 105 to peer 0x55d136946a10 (31 bytes)
1734513379.543483 sending message 105 to peer 0x55d136946a10 (16 bytes)
1734513379.543491 sending message 105 to peer 0x55d136946a10 (30 bytes)
1734513379.543500 sending message 105 to peer 0x55d136946a10 (32 bytes)
1734513379.543508 sending message 105 to peer 0x55d136946a10 (35 bytes)
1734513379.543516 sending message 105 to peer 0x55d136946a10 (29 bytes)
1734513379.543525 sending message 105 to peer 0x55d136946a10 (23 bytes)
1734513379.543546 sending message 105 to peer 0x55d136946a10 (44 bytes)
1734513379.543555 sending message 105 to peer 0x55d136946a10 (39 bytes)
1734513379.543582 sending message 105 to peer 0x55d136946a10 (16 bytes)
1734513379.543596 sending message 105 to peer 0x55d136946a10 (47 bytes)
1734513379.543605 sending message 105 to peer 0x55d136946a10 (19 bytes)
1734513379.543613 sending message 105 to peer 0x55d136946a10 (38 bytes)
1734513379.543622 sending message 105 to peer 0x55d136946a10 (16 bytes)
1734513379.543630 sending message 105 to peer 0x55d136946a10 (61 bytes)
1734513379.543638 sending message 105 to peer 0x55d136946a10 (70 bytes)
1734513379.543647 sending message 105 to peer 0x55d136946a10 (50 bytes)
1734513379.543656 sending message 106 to peer 0x55d136946a10 (0 bytes)
1734513379.543803 sending message 200 to peer 0x55d136946a10 (4 bytes)
1734513379.543816 client loop enter
1734513379.548439 peer 0x55d136946a10 message 303
1734513379.548469 open write file 2 -
1734513379.548487 sending message 305 to peer 0x55d136946a10 (8 bytes)
1734513379.548507 write check file 2
1734513379.548667 peer 0x55d136946a10 message 304
1734513379.548690 write 58 to file 2
1734513379.548701 peer 0x55d136946a10 message 203
1734513379.548710 file 2 58 bytes left
1734513379.548742 write check file 2
1734513379.548750 client loop exit
